<?xml version="1.0" encoding="UTF-8"?>
<testsuite name="Academy Choucair" tests="1" skipped="0" failures="0" errors="0" timestamp="2021-06-11T14:01:19" hostname="DESKTOP-E5M35H3" time="29.651">
  <properties/>
  <testcase name="Search for a automation course" classname="Academy Choucair" time="29.651"/>
  <system-out><![CDATA[]]></system-out>
  <system-err><![CDATA[[Test worker] WARN net.thucydides.core.steps.BaseStepListener - stepStarted: net.thucydides.core.steps.ExecutedStepDescription@1c16dc7
[Test worker] WARN net.thucydides.core.steps.BaseStepListener - stepStarted: net.thucydides.core.steps.ExecutedStepDescription@274c2a
[Test worker] WARN net.thucydides.core.steps.BaseStepListener - stepStarted: net.thucydides.core.steps.ExecutedStepDescription@355d2f
jun 11, 2021 9:01:21 AM org.openqa.selenium.remote.DesiredCapabilities chrome
INFORMACIÓN: Using `new ChromeOptions()` is preferred to `DesiredCapabilities.chrome()`
[Test worker] INFO net.serenitybdd.core.webdriver.driverproviders.ProvideNewDriver - Instantiating driver
[Test worker] INFO net.serenitybdd.core.webdriver.driverproviders.ProvideNewDriver - Driver capabilities: Capabilities {acceptInsecureCerts: false, browserName: chrome, chrome.switches: --start-maximized, goog:chromeOptions: {args: [--start-maximized], extensions: []}, loggingPrefs: org.openqa.selenium.logging..., platform: ANY, version: }
Starting ChromeDriver 91.0.4472.19 (1bf021f248676a0b2ab3ee0561d83a59e424c23e-refs/branch-heads/4472@{#288}) on port 25117
Only local connections are allowed.
Please see https://chromedriver.chromium.org/security-considerations for suggestions on keeping ChromeDriver safe.
ChromeDriver was started successfully.
jun 11, 2021 9:01:29 AM org.openqa.selenium.remote.ProtocolHandshake createSession
INFORMACIÓN: Detected dialect: W3C
[Test worker] WARN net.thucydides.core.steps.BaseStepListener - stepFinished: current outcome:Search for a automation course:Example: {strUser=1017271141, strPassword=Choucair2021*} [Given than brandon wants to learn automation at the academy Choucair
| strUser | strPassword |
| 1017271141 | Choucair2021* | [Brandon open up [Brandon opens the Choucair academy page]]]
[Test worker] WARN net.thucydides.core.steps.BaseStepListener - stepFinished: current outcome:Search for a automation course:Example: {strUser=1017271141, strPassword=Choucair2021*} [Given than brandon wants to learn automation at the academy Choucair
| strUser | strPassword |
| 1017271141 | Choucair2021* | [Brandon open up [Brandon opens the Choucair academy page]]]
[Test worker] WARN net.thucydides.core.steps.BaseStepListener - stepStarted: net.thucydides.core.steps.ExecutedStepDescription@1fdef1e
[Test worker] WARN net.thucydides.core.steps.BaseStepListener - stepStarted: net.thucydides.core.steps.ExecutedStepDescription@bcda70
[Test worker] WARN net.thucydides.core.steps.BaseStepListener - stepFinished: current outcome:Search for a automation course:Example: {strUser=1017271141, strPassword=Choucair2021*} [Given than brandon wants to learn automation at the academy Choucair
| strUser | strPassword |
| 1017271141 | Choucair2021* | [Brandon open up [Brandon opens the Choucair academy page], Brandon login [Brandon clicks on button that shows us the form to login]]]
[Test worker] WARN net.thucydides.core.steps.BaseStepListener - stepStarted: net.thucydides.core.steps.ExecutedStepDescription@589e39
[Test worker] WARN net.thucydides.core.steps.BaseStepListener - stepFinished: current outcome:Search for a automation course:Example: {strUser=1017271141, strPassword=Choucair2021*} [Given than brandon wants to learn automation at the academy Choucair
| strUser | strPassword |
| 1017271141 | Choucair2021* | [Brandon open up [Brandon opens the Choucair academy page], Brandon login [Brandon clicks on button that shows us the form to login, Brandon enters '1017271141' into where do we write the user]]]
[Test worker] WARN net.thucydides.core.steps.BaseStepListener - stepStarted: net.thucydides.core.steps.ExecutedStepDescription@1e1eb33
[Test worker] WARN net.thucydides.core.steps.BaseStepListener - stepFinished: current outcome:Search for a automation course:Example: {strUser=1017271141, strPassword=Choucair2021*} [Given than brandon wants to learn automation at the academy Choucair
| strUser | strPassword |
| 1017271141 | Choucair2021* | [Brandon open up [Brandon opens the Choucair academy page], Brandon login [Brandon clicks on button that shows us the form to login, Brandon enters '1017271141' into where do we write the user, Brandon enters 'Choucair2021*' into where do we write the password]]]
[Test worker] WARN net.thucydides.core.steps.BaseStepListener - stepStarted: net.thucydides.core.steps.ExecutedStepDescription@4338b3
[Test worker] WARN net.thucydides.core.steps.BaseStepListener - stepFinished: current outcome:Search for a automation course:Example: {strUser=1017271141, strPassword=Choucair2021*} [Given than brandon wants to learn automation at the academy Choucair
| strUser | strPassword |
| 1017271141 | Choucair2021* | [Brandon open up [Brandon opens the Choucair academy page], Brandon login [Brandon clicks on button that shows us the form to login, Brandon enters '1017271141' into where do we write the user, Brandon enters 'Choucair2021*' into where do we write the password, Brandon clicks on where do we press to login the page]]]
[Test worker] WARN net.thucydides.core.steps.BaseStepListener - stepFinished: current outcome:Search for a automation course:Example: {strUser=1017271141, strPassword=Choucair2021*} [Given than brandon wants to learn automation at the academy Choucair
| strUser | strPassword |
| 1017271141 | Choucair2021* | [Brandon open up [Brandon opens the Choucair academy page], Brandon login [Brandon clicks on button that shows us the form to login, Brandon enters '1017271141' into where do we write the user, Brandon enters 'Choucair2021*' into where do we write the password, Brandon clicks on where do we press to login the page]]]
[Test worker] WARN net.thucydides.core.steps.BaseStepListener - stepFinished: current outcome:Search for a automation course:Example: {strUser=1017271141, strPassword=Choucair2021*} [Given than brandon wants to learn automation at the academy Choucair
| strUser | strPassword |
| 1017271141 | Choucair2021* | [Brandon open up [Brandon opens the Choucair academy page], Brandon login [Brandon clicks on button that shows us the form to login, Brandon enters '1017271141' into where do we write the user, Brandon enters 'Choucair2021*' into where do we write the password, Brandon clicks on where do we press to login the page]]]
[Test worker] WARN net.thucydides.core.steps.BaseStepListener - stepStarted: net.thucydides.core.steps.ExecutedStepDescription@c0e663
[Test worker] WARN net.thucydides.core.steps.BaseStepListener - stepStarted: net.thucydides.core.steps.ExecutedStepDescription@c584ae
[Test worker] WARN net.thucydides.core.steps.BaseStepListener - stepStarted: net.thucydides.core.steps.ExecutedStepDescription@772d7e
[Test worker] WARN net.thucydides.core.steps.BaseStepListener - stepFinished: current outcome:Search for a automation course:Example: {strUser=1017271141, strPassword=Choucair2021*} [Given than brandon wants to learn automation at the academy Choucair
| strUser | strPassword |
| 1017271141 | Choucair2021* | [Brandon open up [Brandon opens the Choucair academy page], Brandon login [Brandon clicks on button that shows us the form to login, Brandon enters '1017271141' into where do we write the user, Brandon enters 'Choucair2021*' into where do we write the password, Brandon clicks on where do we press to login the page]], When he search for the course on the choucair academy platform [Brandon search [Brandon clicks on Pick The Choucair University]]]
[Test worker] WARN net.thucydides.core.steps.BaseStepListener - stepStarted: net.thucydides.core.steps.ExecutedStepDescription@188f672
[Test worker] WARN net.thucydides.core.steps.BaseStepListener - stepFinished: current outcome:Search for a automation course:Example: {strUser=1017271141, strPassword=Choucair2021*} [Given than brandon wants to learn automation at the academy Choucair
| strUser | strPassword |
| 1017271141 | Choucair2021* | [Brandon open up [Brandon opens the Choucair academy page], Brandon login [Brandon clicks on button that shows us the form to login, Brandon enters '1017271141' into where do we write the user, Brandon enters 'Choucair2021*' into where do we write the password, Brandon clicks on where do we press to login the page]], When he search for the course on the choucair academy platform [Brandon search [Brandon clicks on Pick The Choucair University, Brandon enters 'Foundation Express' into Search course]]]
[Test worker] WARN net.thucydides.core.steps.BaseStepListener - stepStarted: net.thucydides.core.steps.ExecutedStepDescription@fda761
[Test worker] WARN net.thucydides.core.steps.BaseStepListener - stepFinished: current outcome:Search for a automation course:Example: {strUser=1017271141, strPassword=Choucair2021*} [Given than brandon wants to learn automation at the academy Choucair
| strUser | strPassword |
| 1017271141 | Choucair2021* | [Brandon open up [Brandon opens the Choucair academy page], Brandon login [Brandon clicks on button that shows us the form to login, Brandon enters '1017271141' into where do we write the user, Brandon enters 'Choucair2021*' into where do we write the password, Brandon clicks on where do we press to login the page]], When he search for the course on the choucair academy platform [Brandon search [Brandon clicks on Pick The Choucair University, Brandon enters 'Foundation Express' into Search course, Brandon clicks on Click to search the course]]]
[Test worker] WARN net.thucydides.core.steps.BaseStepListener - stepStarted: net.thucydides.core.steps.ExecutedStepDescription@f07e00
[Test worker] WARN net.thucydides.core.steps.BaseStepListener - stepFinished: current outcome:Search for a automation course:Example: {strUser=1017271141, strPassword=Choucair2021*} [Given than brandon wants to learn automation at the academy Choucair
| strUser | strPassword |
| 1017271141 | Choucair2021* | [Brandon open up [Brandon opens the Choucair academy page], Brandon login [Brandon clicks on button that shows us the form to login, Brandon enters '1017271141' into where do we write the user, Brandon enters 'Choucair2021*' into where do we write the password, Brandon clicks on where do we press to login the page]], When he search for the course on the choucair academy platform [Brandon search [Brandon clicks on Pick The Choucair University, Brandon enters 'Foundation Express' into Search course, Brandon clicks on Click to search the course, Brandon clicks on Click to select the course]]]
[Test worker] WARN net.thucydides.core.steps.BaseStepListener - stepFinished: current outcome:Search for a automation course:Example: {strUser=1017271141, strPassword=Choucair2021*} [Given than brandon wants to learn automation at the academy Choucair
| strUser | strPassword |
| 1017271141 | Choucair2021* | [Brandon open up [Brandon opens the Choucair academy page], Brandon login [Brandon clicks on button that shows us the form to login, Brandon enters '1017271141' into where do we write the user, Brandon enters 'Choucair2021*' into where do we write the password, Brandon clicks on where do we press to login the page]], When he search for the course on the choucair academy platform [Brandon search [Brandon clicks on Pick The Choucair University, Brandon enters 'Foundation Express' into Search course, Brandon clicks on Click to search the course, Brandon clicks on Click to select the course]]]
[Test worker] WARN net.thucydides.core.steps.BaseStepListener - stepFinished: current outcome:Search for a automation course:Example: {strUser=1017271141, strPassword=Choucair2021*} [Given than brandon wants to learn automation at the academy Choucair
| strUser | strPassword |
| 1017271141 | Choucair2021* | [Brandon open up [Brandon opens the Choucair academy page], Brandon login [Brandon clicks on button that shows us the form to login, Brandon enters '1017271141' into where do we write the user, Brandon enters 'Choucair2021*' into where do we write the password, Brandon clicks on where do we press to login the page]], When he search for the course on the choucair academy platform [Brandon search [Brandon clicks on Pick The Choucair University, Brandon enters 'Foundation Express' into Search course, Brandon clicks on Click to search the course, Brandon clicks on Click to select the course]]]
[Test worker] WARN net.thucydides.core.steps.BaseStepListener - stepStarted: net.thucydides.core.steps.ExecutedStepDescription@1d90dcd
[Test worker] WARN net.thucydides.core.steps.BaseStepListener - stepStarted: net.thucydides.core.steps.ExecutedStepDescription@123ccad
[Test worker] WARN net.thucydides.core.steps.BaseStepListener - stepFinished: current outcome:Search for a automation course:Example: {strUser=1017271141, strPassword=Choucair2021*} [Given than brandon wants to learn automation at the academy Choucair
| strUser | strPassword |
| 1017271141 | Choucair2021* | [Brandon open up [Brandon opens the Choucair academy page], Brandon login [Brandon clicks on button that shows us the form to login, Brandon enters '1017271141' into where do we write the user, Brandon enters 'Choucair2021*' into where do we write the password, Brandon clicks on where do we press to login the page]], When he search for the course on the choucair academy platform [Brandon search [Brandon clicks on Pick The Choucair University, Brandon enters 'Foundation Express' into Search course, Brandon clicks on Click to search the course, Brandon clicks on Click to select the course]], Then he finds the course called resources Foundation Express [Then answer]]
[Test worker] WARN net.thucydides.core.steps.BaseStepListener - stepFinished: current outcome:Search for a automation course:Example: {strUser=1017271141, strPassword=Choucair2021*} [Given than brandon wants to learn automation at the academy Choucair
| strUser | strPassword |
| 1017271141 | Choucair2021* | [Brandon open up [Brandon opens the Choucair academy page], Brandon login [Brandon clicks on button that shows us the form to login, Brandon enters '1017271141' into where do we write the user, Brandon enters 'Choucair2021*' into where do we write the password, Brandon clicks on where do we press to login the page]], When he search for the course on the choucair academy platform [Brandon search [Brandon clicks on Pick The Choucair University, Brandon enters 'Foundation Express' into Search course, Brandon clicks on Click to search the course, Brandon clicks on Click to select the course]], Then he finds the course called resources Foundation Express [Then answer]]
[Test worker] WARN net.thucydides.core.steps.BaseStepListener - stepFinished: current outcome:Search for a automation course:Example: {strUser=1017271141, strPassword=Choucair2021*} [Given than brandon wants to learn automation at the academy Choucair
| strUser | strPassword |
| 1017271141 | Choucair2021* | [Brandon open up [Brandon opens the Choucair academy page], Brandon login [Brandon clicks on button that shows us the form to login, Brandon enters '1017271141' into where do we write the user, Brandon enters 'Choucair2021*' into where do we write the password, Brandon clicks on where do we press to login the page]], When he search for the course on the choucair academy platform [Brandon search [Brandon clicks on Pick The Choucair University, Brandon enters 'Foundation Express' into Search course, Brandon clicks on Click to search the course, Brandon clicks on Click to select the course]], Then he finds the course called resources Foundation Express [Then answer]]
[Test worker] WARN net.thucydides.core.steps.BaseStepListener - testFinished: Search for a automation course:Example: {strUser=1017271141, strPassword=Choucair2021*} [Given than brandon wants to learn automation at the academy Choucair
| strUser | strPassword |
| 1017271141 | Choucair2021* | [Brandon open up [Brandon opens the Choucair academy page], Brandon login [Brandon clicks on button that shows us the form to login, Brandon enters '1017271141' into where do we write the user, Brandon enters 'Choucair2021*' into where do we write the password, Brandon clicks on where do we press to login the page]], When he search for the course on the choucair academy platform [Brandon search [Brandon clicks on Pick The Choucair University, Brandon enters 'Foundation Express' into Search course, Brandon clicks on Click to search the course, Brandon clicks on Click to select the course]], Then he finds the course called resources Foundation Express [Then answer]]
[Test worker] WARN net.thucydides.core.steps.BaseStepListener - TestOutcomes: [Search for a automation course:Example: {strUser=1017271141, strPassword=Choucair2021*} [Given than brandon wants to learn automation at the academy Choucair
| strUser | strPassword |
| 1017271141 | Choucair2021* | [Brandon open up [Brandon opens the Choucair academy page], Brandon login [Brandon clicks on button that shows us the form to login, Brandon enters '1017271141' into where do we write the user, Brandon enters 'Choucair2021*' into where do we write the password, Brandon clicks on where do we press to login the page]], When he search for the course on the choucair academy platform [Brandon search [Brandon clicks on Pick The Choucair University, Brandon enters 'Foundation Express' into Search course, Brandon clicks on Click to search the course, Brandon clicks on Click to select the course]], Then he finds the course called resources Foundation Express [Then answer]]]
[Test worker] WARN net.thucydides.core.steps.BaseStepListener - Final testOutcomes: [Search for a automation course:Example: {strUser=1017271141, strPassword=Choucair2021*} [Given than brandon wants to learn automation at the academy Choucair
| strUser | strPassword |
| 1017271141 | Choucair2021* | [Brandon open up [Brandon opens the Choucair academy page], Brandon login [Brandon clicks on button that shows us the form to login, Brandon enters '1017271141' into where do we write the user, Brandon enters 'Choucair2021*' into where do we write the password, Brandon clicks on where do we press to login the page]], When he search for the course on the choucair academy platform [Brandon search [Brandon clicks on Pick The Choucair University, Brandon enters 'Foundation Express' into Search course, Brandon clicks on Click to search the course, Brandon clicks on Click to select the course]], Then he finds the course called resources Foundation Express [Then answer]]]
[Test worker] INFO net.thucydides.core.steps.ConsoleLoggingListener - 
        __    _____ _____ ____ _____   ____   _    ____  ____  _____ ____  
  _     \ \  |_   _| ____/ ___|_   _| |  _ \ / \  / ___|/ ___|| ____|  _ \ 
 (_)_____| |   | | |  _| \___ \ | |   | |_) / _ \ \___ \\___ \|  _| | | | |
  _|_____| |   | | | |___ ___) || |   |  __/ ___ \ ___) |___) | |___| |_| |
 (_)     | |   |_| |_____|____/ |_|   |_| /_/   \_\____/|____/|_____|____/ 
        /_/                                                                

TEST PASSED: Search for a automation course
----------------------------------------------------------------------------
]]></system-err>
</testsuite>
